0 info it worked if it ends with ok
1 verbose cli [ '/Users/dunicealliance/.nvm/versions/node/v6.5.0/bin/node',
1 verbose cli   '/Users/dunicealliance/.nvm/versions/node/v6.5.0/bin/npm',
1 verbose cli   'run',
1 verbose cli   'build' ]
2 info using npm@3.10.3
3 info using node@v6.5.0
4 verbose run-script [ 'prebuild', 'build', 'postbuild' ]
5 info lifecycle mean@0.0.0~prebuild: mean@0.0.0
6 silly lifecycle mean@0.0.0~prebuild: no script for prebuild, continuing
7 info lifecycle mean@0.0.0~build: mean@0.0.0
8 verbose lifecycle mean@0.0.0~build: unsafe-perm in lifecycle true
9 verbose lifecycle mean@0.0.0~build: PATH: /Users/dunicealliance/.nvm/versions/node/v6.5.0/lib/node_modules/npm/bin/node-gyp-bin:/Users/dunicealliance/Projects/beacon/node_modules/.bin:/Users/dunicealliance/.nvm/versions/node/v6.5.0/bin:/Users/dunicealliance/.nvm/versions/node/v6.5.0/bin:/usr/local/bin:/usr/bin:/bin:/usr/sbin:/sbin:/usr/local/share/dotnet:/Library/Frameworks/Mono.framework/Versions/Current/Commands
10 verbose lifecycle mean@0.0.0~build: CWD: /Users/dunicealliance/Projects/beacon
11 silly lifecycle mean@0.0.0~build: Args: [ '-c', 'ng build' ]
12 silly lifecycle mean@0.0.0~build: Returned: code: 0  signal: null
13 info lifecycle mean@0.0.0~postbuild: mean@0.0.0
14 verbose lifecycle mean@0.0.0~postbuild: unsafe-perm in lifecycle true
15 verbose lifecycle mean@0.0.0~postbuild: PATH: /Users/dunicealliance/.nvm/versions/node/v6.5.0/lib/node_modules/npm/bin/node-gyp-bin:/Users/dunicealliance/Projects/beacon/node_modules/.bin:/Users/dunicealliance/.nvm/versions/node/v6.5.0/bin:/Users/dunicealliance/.nvm/versions/node/v6.5.0/bin:/usr/local/bin:/usr/bin:/bin:/usr/sbin:/sbin:/usr/local/share/dotnet:/Library/Frameworks/Mono.framework/Versions/Current/Commands
16 verbose lifecycle mean@0.0.0~postbuild: CWD: /Users/dunicealliance/Projects/beacon
17 silly lifecycle mean@0.0.0~postbuild: Args: [ '-c', 'node ./server.js' ]
18 silly lifecycle mean@0.0.0~postbuild: Returned: code: 1  signal: null
19 info lifecycle mean@0.0.0~postbuild: Failed to exec postbuild script
20 verbose stack Error: mean@0.0.0 postbuild: `node ./server.js`
20 verbose stack Exit status 1
20 verbose stack     at EventEmitter.<anonymous> (/Users/dunicealliance/.nvm/versions/node/v6.5.0/lib/node_modules/npm/lib/utils/lifecycle.js:242:16)
20 verbose stack     at emitTwo (events.js:106:13)
20 verbose stack     at EventEmitter.emit (events.js:191:7)
20 verbose stack     at ChildProcess.<anonymous> (/Users/dunicealliance/.nvm/versions/node/v6.5.0/lib/node_modules/npm/lib/utils/spawn.js:40:14)
20 verbose stack     at emitTwo (events.js:106:13)
20 verbose stack     at ChildProcess.emit (events.js:191:7)
20 verbose stack     at maybeClose (internal/child_process.js:877:16)
20 verbose stack     at Process.ChildProcess._handle.onexit (internal/child_process.js:226:5)
21 verbose pkgid mean@0.0.0
22 verbose cwd /Users/dunicealliance/Projects/beacon
23 error Darwin 16.6.0
24 error argv "/Users/dunicealliance/.nvm/versions/node/v6.5.0/bin/node" "/Users/dunicealliance/.nvm/versions/node/v6.5.0/bin/npm" "run" "build"
25 error node v6.5.0
26 error npm  v3.10.3
27 error code ELIFECYCLE
28 error mean@0.0.0 postbuild: `node ./server.js`
28 error Exit status 1
29 error Failed at the mean@0.0.0 postbuild script 'node ./server.js'.
29 error Make sure you have the latest version of node.js and npm installed.
29 error If you do, this is most likely a problem with the mean package,
29 error not with npm itself.
29 error Tell the author that this fails on your system:
29 error     node ./server.js
29 error You can get information on how to open an issue for this project with:
29 error     npm bugs mean
29 error Or if that isn't available, you can get their info via:
29 error     npm owner ls mean
29 error There is likely additional logging output above.
30 verbose exit [ 1, true ]
